<?xml version="1.0" encoding="UTF-8"?>
<testsuite name="springbootapp.services.UserServiceImplTest" tests="1" skipped="0" failures="0" errors="0" timestamp="2020-04-21T14:02:31" hostname="mdu-ThinkPad-L490" time="20.251">
  <properties/>
  <testcase name="getUserTest()" classname="springbootapp.services.UserServiceImplTest" time="20.251"/>
  <system-out><![CDATA[16:02:29.001 [Test worker] DEBUG org.springframework.test.context.BootstrapUtils - Instantiating CacheAwareContextLoaderDelegate from class [org.springframework.test.context.cache.DefaultCacheAwareContextLoaderDelegate]
16:02:29.015 [Test worker] DEBUG org.springframework.test.context.BootstrapUtils - Instantiating BootstrapContext using constructor [public org.springframework.test.context.support.DefaultBootstrapContext(java.lang.Class,org.springframework.test.context.CacheAwareContextLoaderDelegate)]
16:02:29.036 [Test worker] DEBUG org.springframework.test.context.BootstrapUtils - Instantiating TestContextBootstrapper for test class [springbootapp.services.UserServiceImplTest] from class [org.springframework.boot.test.context.SpringBootTestContextBootstrapper]
16:02:29.047 [Test worker] INFO org.springframework.boot.test.context.SpringBootTestContextBootstrapper - Neither @ContextConfiguration nor @ContextHierarchy found for test class [springbootapp.services.UserServiceImplTest], using SpringBootContextLoader
16:02:29.051 [Test worker] DEBUG org.springframework.test.context.support.AbstractContextLoader - Did not detect default resource location for test class [springbootapp.services.UserServiceImplTest]: class path resource [springbootapp/services/UserServiceImplTest-context.xml] does not exist
16:02:29.051 [Test worker] DEBUG org.springframework.test.context.support.AbstractContextLoader - Did not detect default resource location for test class [springbootapp.services.UserServiceImplTest]: class path resource [springbootapp/services/UserServiceImplTestContext.groovy] does not exist
16:02:29.052 [Test worker] INFO org.springframework.test.context.support.AbstractContextLoader - Could not detect default resource locations for test class [springbootapp.services.UserServiceImplTest]: no resource found for suffixes {-context.xml, Context.groovy}.
16:02:29.052 [Test worker] INFO org.springframework.test.context.support.AnnotationConfigContextLoaderUtils - Could not detect default configuration classes for test class [springbootapp.services.UserServiceImplTest]: UserServiceImplTest does not declare any static, non-private, non-final, nested classes annotated with @Configuration.
16:02:29.082 [Test worker] DEBUG org.springframework.test.context.support.ActiveProfilesUtils - Could not find an 'annotation declaring class' for annotation type [org.springframework.test.context.ActiveProfiles] and class [springbootapp.services.UserServiceImplTest]
16:02:29.135 [Test worker] DEBUG org.springframework.context.annotation.ClassPathScanningCandidateComponentProvider - Identified candidate component class: file [/home/mdu/SpringBootpart2/build/classes/java/main/springbootapp/Application.class]
16:02:29.136 [Test worker] INFO org.springframework.boot.test.context.SpringBootTestContextBootstrapper - Found @SpringBootConfiguration springbootapp.Application for test class springbootapp.services.UserServiceImplTest
16:02:29.202 [Test worker] DEBUG org.springframework.boot.test.context.SpringBootTestContextBootstrapper - @TestExecutionListeners is not present for class [springbootapp.services.UserServiceImplTest]: using defaults.
16:02:29.202 [Test worker] INFO org.springframework.boot.test.context.SpringBootTestContextBootstrapper - Loaded default TestExecutionListener class names from location [META-INF/spring.factories]: [org.springframework.boot.test.autoconfigure.restdocs.RestDocsTestExecutionListener, org.springframework.boot.test.autoconfigure.web.client.MockRestServiceServerResetTestExecutionListener, org.springframework.boot.test.autoconfigure.web.servlet.MockMvcPrintOnlyOnFailureTestExecutionListener, org.springframework.boot.test.autoconfigure.web.servlet.WebDriverTestExecutionListener, org.springframework.boot.test.mock.mockito.MockitoTestExecutionListener, org.springframework.boot.test.mock.mockito.ResetMocksTestExecutionListener, org.springframework.test.context.web.ServletTestExecutionListener, org.springframework.test.context.support.DirtiesContextBeforeModesTestExecutionListener, org.springframework.test.context.support.DependencyInjectionTestExecutionListener, org.springframework.test.context.support.DirtiesContextTestExecutionListener, org.springframework.test.context.transaction.TransactionalTestExecutionListener, org.springframework.test.context.jdbc.SqlScriptsTestExecutionListener, org.springframework.test.context.event.EventPublishingTestExecutionListener]
16:02:29.216 [Test worker] INFO org.springframework.boot.test.context.SpringBootTestContextBootstrapper - Using TestExecutionListeners: [org.springframework.test.context.web.ServletTestExecutionListener@5a853f9, org.springframework.test.context.support.DirtiesContextBeforeModesTestExecutionListener@2bed4902, org.springframework.boot.test.mock.mockito.MockitoTestExecutionListener@172e41fb, org.springframework.boot.test.autoconfigure.SpringBootDependencyInjectionTestExecutionListener@2ffb4cc1, org.springframework.test.context.support.DirtiesContextTestExecutionListener@688bf55c, org.springframework.test.context.transaction.TransactionalTestExecutionListener@296f1416, org.springframework.test.context.jdbc.SqlScriptsTestExecutionListener@4c2bb959, org.springframework.test.context.event.EventPublishingTestExecutionListener@39c37959, org.springframework.boot.test.autoconfigure.restdocs.RestDocsTestExecutionListener@e555a28, org.springframework.boot.test.autoconfigure.web.client.MockRestServiceServerResetTestExecutionListener@5f4b3050, org.springframework.boot.test.autoconfigure.web.servlet.MockMvcPrintOnlyOnFailureTestExecutionListener@4e3bbb91, org.springframework.boot.test.autoconfigure.web.servlet.WebDriverTestExecutionListener@6c900abe, org.springframework.boot.test.mock.mockito.ResetMocksTestExecutionListener@48b0891e]
16:02:29.220 [Test worker] DEBUG org.springframework.test.context.support.AbstractDirtiesContextTestExecutionListener - Before test class: context [DefaultTestContext@6d176c9b testClass = UserServiceImplTest, testInstance = [null], testMethod = [null], testException = [null], mergedContextConfiguration = [WebMergedContextConfiguration@6130030d testClass = UserServiceImplTest, locations = '{}', classes = '{class springbootapp.Application}', contextInitializerClasses = '[]', activeProfiles = '{}', propertySourceLocations = '{}', propertySourceProperties = '{org.springframework.boot.test.context.SpringBootTestContextBootstrapper=true, server.port=0}', contextCustomizers = set[org.springframework.boot.test.autoconfigure.properties.PropertyMappingContextCustomizer@0, org.springframework.boot.test.autoconfigure.web.servlet.WebDriverContextCustomizerFactory$Customizer@7da3eb9, org.springframework.boot.test.context.filter.ExcludeFilterContextCustomizer@6d24e3d3, org.springframework.boot.test.json.DuplicateJsonObjectContextCustomizerFactory$DuplicateJsonObjectContextCustomizer@45d80d22, org.springframework.boot.test.mock.mockito.MockitoContextCustomizer@0, org.springframework.boot.test.web.client.TestRestTemplateContextCustomizer@325c38e7], resourceBasePath = 'src/main/webapp', contextLoader = 'org.springframework.boot.test.context.SpringBootContextLoader', parent = [null]], attributes = map['org.springframework.test.context.web.ServletTestExecutionListener.activateListener' -> false]], class annotated with @DirtiesContext [false] with mode [null].
16:02:29.233 [Test worker] DEBUG org.springframework.test.context.support.DependencyInjectionTestExecutionListener - Performing dependency injection for test context [[DefaultTestContext@6d176c9b testClass = UserServiceImplTest, testInstance = springbootapp.services.UserServiceImplTest@476ecfcf, testMethod = [null], testException = [null], mergedContextConfiguration = [WebMergedContextConfiguration@6130030d testClass = UserServiceImplTest, locations = '{}', classes = '{class springbootapp.Application}', contextInitializerClasses = '[]', activeProfiles = '{}', propertySourceLocations = '{}', propertySourceProperties = '{org.springframework.boot.test.context.SpringBootTestContextBootstrapper=true, server.port=0}', contextCustomizers = set[org.springframework.boot.test.autoconfigure.properties.PropertyMappingContextCustomizer@0, org.springframework.boot.test.autoconfigure.web.servlet.WebDriverContextCustomizerFactory$Customizer@7da3eb9, org.springframework.boot.test.context.filter.ExcludeFilterContextCustomizer@6d24e3d3, org.springframework.boot.test.json.DuplicateJsonObjectContextCustomizerFactory$DuplicateJsonObjectContextCustomizer@45d80d22, org.springframework.boot.test.mock.mockito.MockitoContextCustomizer@0, org.springframework.boot.test.web.client.TestRestTemplateContextCustomizer@325c38e7], resourceBasePath = 'src/main/webapp', contextLoader = 'org.springframework.boot.test.context.SpringBootContextLoader', parent = [null]], attributes = map['org.springframework.test.context.web.ServletTestExecutionListener.activateListener' -> false]]].
16:02:29.253 [Test worker] DEBUG org.springframework.test.context.support.TestPropertySourceUtils - Adding inlined properties to environment: {spring.jmx.enabled=false, org.springframework.boot.test.context.SpringBootTestContextBootstrapper=true, server.port=0}

  .   ____          _            __ _ _
 /\\ / ___'_ __ _ _(_)_ __  __ _ \ \ \ \
( ( )\___ | '_ | '_| | '_ \/ _` | \ \ \ \
 \\/  ___)| |_)| | | | | || (_| |  ) ) ) )
  '  |____| .__|_| |_|_| |_\__, | / / / /
 =========|_|==============|___/=/_/_/_/
 :: Spring Boot ::        (v2.2.6.RELEASE)

2020-04-21 16:02:29.501  INFO 2917 --- [    Test worker] s.services.UserServiceImplTest           : Starting UserServiceImplTest on mdu-ThinkPad-L490 with PID 2917 (started by mdu in /home/mdu/SpringBootpart2)
2020-04-21 16:02:29.502  INFO 2917 --- [    Test worker] s.services.UserServiceImplTest           : No active profile set, falling back to default profiles: default
2020-04-21 16:02:30.686  INFO 2917 --- [    Test worker] o.s.b.w.embedded.tomcat.TomcatWebServer  : Tomcat initialized with port(s): 0 (http)
2020-04-21 16:02:30.701  INFO 2917 --- [    Test worker] o.apache.catalina.core.StandardService   : Starting service [Tomcat]
2020-04-21 16:02:30.702  INFO 2917 --- [    Test worker] org.apache.catalina.core.StandardEngine  : Starting Servlet engine: [Apache Tomcat/9.0.33]
2020-04-21 16:02:30.824  INFO 2917 --- [    Test worker] o.a.c.c.C.[Tomcat].[localhost].[/]       : Initializing Spring embedded WebApplicationContext
2020-04-21 16:02:30.824  INFO 2917 --- [    Test worker] o.s.web.context.ContextLoader            : Root WebApplicationContext: initialization completed in 1301 ms
2020-04-21 16:02:31.030  INFO 2917 --- [    Test worker] f.a.AutowiredAnnotationBeanPostProcessor : Autowired annotation is not supported on static fields: private static springbootapp.Interface.FakeRepo springbootapp.services.UserServiceImpl.fakeRepo
2020-04-21 16:02:31.275  INFO 2917 --- [    Test worker] o.s.s.concurrent.ThreadPoolTaskExecutor  : Initializing ExecutorService 'applicationTaskExecutor'
2020-04-21 16:02:31.653  INFO 2917 --- [    Test worker] o.s.s.web.DefaultSecurityFilterChain     : Creating filter chain: any request, [org.springframework.security.web.context.request.async.WebAsyncManagerIntegrationFilter@e27fb56, org.springframework.security.web.context.SecurityContextPersistenceFilter@449389d9, org.springframework.security.web.header.HeaderWriterFilter@374d3c7e, org.springframework.security.web.csrf.CsrfFilter@43fb7ea9, org.springframework.security.web.authentication.logout.LogoutFilter@6fb29c28, org.springframework.security.web.authentication.www.BasicAuthenticationFilter@47fd817d, org.springframework.security.web.savedrequest.RequestCacheAwareFilter@8c39475, org.springframework.security.web.servletapi.SecurityContextHolderAwareRequestFilter@626db05, org.springframework.security.web.authentication.AnonymousAuthenticationFilter@303eecb, org.springframework.security.web.session.SessionManagementFilter@7e881081, org.springframework.security.web.access.ExceptionTranslationFilter@4e0a8fb9, org.springframework.security.web.access.intercept.FilterSecurityInterceptor@175b544f]
2020-04-21 16:02:31.744  INFO 2917 --- [    Test worker] o.s.b.w.embedded.tomcat.TomcatWebServer  : Tomcat started on port(s): 41721 (http) with context path ''
2020-04-21 16:02:31.750  INFO 2917 --- [    Test worker] s.services.UserServiceImplTest           : Started UserServiceImplTest in 2.492 seconds (JVM running for 3.404)
Going to sleep for 5 Secs.. to simulate backend call.
Going to sleep for 5 Secs.. to simulate backend call.
Going to sleep for 5 Secs.. to simulate backend call.
Going to sleep for 5 Secs.. to simulate backend call.
]]></system-out>
  <system-err><![CDATA[]]></system-err>
</testsuite>
