<?xml version="1.0" encoding="UTF-8"?>
<testsuite name="springbootapp.services.UserServiceImplTest" tests="1" skipped="0" failures="0" errors="0" timestamp="2020-04-22T08:44:20" hostname="mdu-ThinkPad-L490" time="15.283">
  <properties/>
  <testcase name="getUserTest()" classname="springbootapp.services.UserServiceImplTest" time="15.283"/>
  <system-out><![CDATA[10:44:17.409 [Test worker] DEBUG org.springframework.test.context.BootstrapUtils - Instantiating CacheAwareContextLoaderDelegate from class [org.springframework.test.context.cache.DefaultCacheAwareContextLoaderDelegate]
10:44:17.418 [Test worker] DEBUG org.springframework.test.context.BootstrapUtils - Instantiating BootstrapContext using constructor [public org.springframework.test.context.support.DefaultBootstrapContext(java.lang.Class,org.springframework.test.context.CacheAwareContextLoaderDelegate)]
10:44:17.441 [Test worker] DEBUG org.springframework.test.context.BootstrapUtils - Instantiating TestContextBootstrapper for test class [springbootapp.services.UserServiceImplTest] from class [org.springframework.boot.test.context.SpringBootTestContextBootstrapper]
10:44:17.457 [Test worker] INFO org.springframework.boot.test.context.SpringBootTestContextBootstrapper - Neither @ContextConfiguration nor @ContextHierarchy found for test class [springbootapp.services.UserServiceImplTest], using SpringBootContextLoader
10:44:17.461 [Test worker] DEBUG org.springframework.test.context.support.AbstractContextLoader - Did not detect default resource location for test class [springbootapp.services.UserServiceImplTest]: class path resource [springbootapp/services/UserServiceImplTest-context.xml] does not exist
10:44:17.461 [Test worker] DEBUG org.springframework.test.context.support.AbstractContextLoader - Did not detect default resource location for test class [springbootapp.services.UserServiceImplTest]: class path resource [springbootapp/services/UserServiceImplTestContext.groovy] does not exist
10:44:17.462 [Test worker] INFO org.springframework.test.context.support.AbstractContextLoader - Could not detect default resource locations for test class [springbootapp.services.UserServiceImplTest]: no resource found for suffixes {-context.xml, Context.groovy}.
10:44:17.463 [Test worker] INFO org.springframework.test.context.support.AnnotationConfigContextLoaderUtils - Could not detect default configuration classes for test class [springbootapp.services.UserServiceImplTest]: UserServiceImplTest does not declare any static, non-private, non-final, nested classes annotated with @Configuration.
10:44:17.500 [Test worker] DEBUG org.springframework.test.context.support.ActiveProfilesUtils - Could not find an 'annotation declaring class' for annotation type [org.springframework.test.context.ActiveProfiles] and class [springbootapp.services.UserServiceImplTest]
10:44:17.576 [Test worker] DEBUG org.springframework.context.annotation.ClassPathScanningCandidateComponentProvider - Identified candidate component class: file [/home/mdu/SpringBootpart2/build/classes/java/main/springbootapp/Application.class]
10:44:17.578 [Test worker] INFO org.springframework.boot.test.context.SpringBootTestContextBootstrapper - Found @SpringBootConfiguration springbootapp.Application for test class springbootapp.services.UserServiceImplTest
10:44:17.660 [Test worker] DEBUG org.springframework.boot.test.context.SpringBootTestContextBootstrapper - @TestExecutionListeners is not present for class [springbootapp.services.UserServiceImplTest]: using defaults.
10:44:17.661 [Test worker] INFO org.springframework.boot.test.context.SpringBootTestContextBootstrapper - Loaded default TestExecutionListener class names from location [META-INF/spring.factories]: [org.springframework.boot.test.autoconfigure.restdocs.RestDocsTestExecutionListener, org.springframework.boot.test.autoconfigure.web.client.MockRestServiceServerResetTestExecutionListener, org.springframework.boot.test.autoconfigure.web.servlet.MockMvcPrintOnlyOnFailureTestExecutionListener, org.springframework.boot.test.autoconfigure.web.servlet.WebDriverTestExecutionListener, org.springframework.boot.test.mock.mockito.MockitoTestExecutionListener, org.springframework.boot.test.mock.mockito.ResetMocksTestExecutionListener, org.springframework.test.context.web.ServletTestExecutionListener, org.springframework.test.context.support.DirtiesContextBeforeModesTestExecutionListener, org.springframework.test.context.support.DependencyInjectionTestExecutionListener, org.springframework.test.context.support.DirtiesContextTestExecutionListener, org.springframework.test.context.transaction.TransactionalTestExecutionListener, org.springframework.test.context.jdbc.SqlScriptsTestExecutionListener, org.springframework.test.context.event.EventPublishingTestExecutionListener]
10:44:17.678 [Test worker] INFO org.springframework.boot.test.context.SpringBootTestContextBootstrapper - Using TestExecutionListeners: [org.springframework.test.context.web.ServletTestExecutionListener@6c900abe, org.springframework.test.context.support.DirtiesContextBeforeModesTestExecutionListener@48b0891e, org.springframework.boot.test.mock.mockito.MockitoTestExecutionListener@4efff9e8, org.springframework.boot.test.autoconfigure.SpringBootDependencyInjectionTestExecutionListener@5d8b3495, org.springframework.test.context.support.DirtiesContextTestExecutionListener@31220060, org.springframework.test.context.transaction.TransactionalTestExecutionListener@7d168723, org.springframework.test.context.jdbc.SqlScriptsTestExecutionListener@4c1711d0, org.springframework.test.context.event.EventPublishingTestExecutionListener@483cbb5b, org.springframework.boot.test.autoconfigure.restdocs.RestDocsTestExecutionListener@693c833c, org.springframework.boot.test.autoconfigure.web.client.MockRestServiceServerResetTestExecutionListener@205a2ea7, org.springframework.boot.test.autoconfigure.web.servlet.MockMvcPrintOnlyOnFailureTestExecutionListener@54b732ed, org.springframework.boot.test.autoconfigure.web.servlet.WebDriverTestExecutionListener@797cad43, org.springframework.boot.test.mock.mockito.ResetMocksTestExecutionListener@7454f433]
10:44:17.683 [Test worker] DEBUG org.springframework.test.context.support.AbstractDirtiesContextTestExecutionListener - Before test class: context [DefaultTestContext@ff8eaf3 testClass = UserServiceImplTest, testInstance = [null], testMethod = [null], testException = [null], mergedContextConfiguration = [WebMergedContextConfiguration@58c06970 testClass = UserServiceImplTest, locations = '{}', classes = '{class springbootapp.Application}', contextInitializerClasses = '[]', activeProfiles = '{}', propertySourceLocations = '{}', propertySourceProperties = '{org.springframework.boot.test.context.SpringBootTestContextBootstrapper=true, server.port=0}', contextCustomizers = set[org.springframework.boot.test.autoconfigure.properties.PropertyMappingContextCustomizer@0, org.springframework.boot.test.autoconfigure.web.servlet.WebDriverContextCustomizerFactory$Customizer@45d80d22, org.springframework.boot.test.context.filter.ExcludeFilterContextCustomizer@7e8d0d6f, org.springframework.boot.test.json.DuplicateJsonObjectContextCustomizerFactory$DuplicateJsonObjectContextCustomizer@17c586f0, org.springframework.boot.test.mock.mockito.MockitoContextCustomizer@0, org.springframework.boot.test.web.client.TestRestTemplateContextCustomizer@2f116075], resourceBasePath = 'src/main/webapp', contextLoader = 'org.springframework.boot.test.context.SpringBootContextLoader', parent = [null]], attributes = map['org.springframework.test.context.web.ServletTestExecutionListener.activateListener' -> false]], class annotated with @DirtiesContext [false] with mode [null].
10:44:17.695 [Test worker] DEBUG org.springframework.test.context.support.DependencyInjectionTestExecutionListener - Performing dependency injection for test context [[DefaultTestContext@ff8eaf3 testClass = UserServiceImplTest, testInstance = springbootapp.services.UserServiceImplTest@65d6293e, testMethod = [null], testException = [null], mergedContextConfiguration = [WebMergedContextConfiguration@58c06970 testClass = UserServiceImplTest, locations = '{}', classes = '{class springbootapp.Application}', contextInitializerClasses = '[]', activeProfiles = '{}', propertySourceLocations = '{}', propertySourceProperties = '{org.springframework.boot.test.context.SpringBootTestContextBootstrapper=true, server.port=0}', contextCustomizers = set[org.springframework.boot.test.autoconfigure.properties.PropertyMappingContextCustomizer@0, org.springframework.boot.test.autoconfigure.web.servlet.WebDriverContextCustomizerFactory$Customizer@45d80d22, org.springframework.boot.test.context.filter.ExcludeFilterContextCustomizer@7e8d0d6f, org.springframework.boot.test.json.DuplicateJsonObjectContextCustomizerFactory$DuplicateJsonObjectContextCustomizer@17c586f0, org.springframework.boot.test.mock.mockito.MockitoContextCustomizer@0, org.springframework.boot.test.web.client.TestRestTemplateContextCustomizer@2f116075], resourceBasePath = 'src/main/webapp', contextLoader = 'org.springframework.boot.test.context.SpringBootContextLoader', parent = [null]], attributes = map['org.springframework.test.context.web.ServletTestExecutionListener.activateListener' -> false]]].
10:44:17.713 [Test worker] DEBUG org.springframework.test.context.support.TestPropertySourceUtils - Adding inlined properties to environment: {spring.jmx.enabled=false, org.springframework.boot.test.context.SpringBootTestContextBootstrapper=true, server.port=0}

  .   ____          _            __ _ _
 /\\ / ___'_ __ _ _(_)_ __  __ _ \ \ \ \
( ( )\___ | '_ | '_| | '_ \/ _` | \ \ \ \
 \\/  ___)| |_)| | | | | || (_| |  ) ) ) )
  '  |____| .__|_| |_|_| |_\__, | / / / /
 =========|_|==============|___/=/_/_/_/
 :: Spring Boot ::        (v2.2.6.RELEASE)

2020-04-22 10:44:18.007  INFO 10705 --- [    Test worker] s.services.UserServiceImplTest           : Starting UserServiceImplTest on mdu-ThinkPad-L490 with PID 10705 (started by mdu in /home/mdu/SpringBootpart2)
2020-04-22 10:44:18.009  INFO 10705 --- [    Test worker] s.services.UserServiceImplTest           : No active profile set, falling back to default profiles: default
2020-04-22 10:44:19.183  INFO 10705 --- [    Test worker] o.s.b.w.embedded.tomcat.TomcatWebServer  : Tomcat initialized with port(s): 0 (http)
2020-04-22 10:44:19.199  INFO 10705 --- [    Test worker] o.apache.catalina.core.StandardService   : Starting service [Tomcat]
2020-04-22 10:44:19.199  INFO 10705 --- [    Test worker] org.apache.catalina.core.StandardEngine  : Starting Servlet engine: [Apache Tomcat/9.0.33]
2020-04-22 10:44:19.326  INFO 10705 --- [    Test worker] o.a.c.c.C.[Tomcat].[localhost].[/]       : Initializing Spring embedded WebApplicationContext
2020-04-22 10:44:19.326  INFO 10705 --- [    Test worker] o.s.web.context.ContextLoader            : Root WebApplicationContext: initialization completed in 1295 ms
2020-04-22 10:44:19.533  INFO 10705 --- [    Test worker] f.a.AutowiredAnnotationBeanPostProcessor : Autowired annotation is not supported on static fields: private static springbootapp.Interface.FakeRepo springbootapp.services.UserServiceImpl.fakeRepo
2020-04-22 10:44:19.780  INFO 10705 --- [    Test worker] o.s.s.concurrent.ThreadPoolTaskExecutor  : Initializing ExecutorService 'applicationTaskExecutor'
2020-04-22 10:44:20.158  INFO 10705 --- [    Test worker] o.s.s.web.DefaultSecurityFilterChain     : Creating filter chain: any request, [org.springframework.security.web.context.request.async.WebAsyncManagerIntegrationFilter@709a6b6c, org.springframework.security.web.context.SecurityContextPersistenceFilter@55bcdb33, org.springframework.security.web.header.HeaderWriterFilter@2b78d66, org.springframework.security.web.csrf.CsrfFilter@49554483, org.springframework.security.web.authentication.logout.LogoutFilter@4fce153b, org.springframework.security.web.authentication.www.BasicAuthenticationFilter@49babe66, org.springframework.security.web.savedrequest.RequestCacheAwareFilter@1aca477e, org.springframework.security.web.servletapi.SecurityContextHolderAwareRequestFilter@2d3351c, org.springframework.security.web.authentication.AnonymousAuthenticationFilter@6e7da2c3, org.springframework.security.web.session.SessionManagementFilter@7e040813, org.springframework.security.web.access.ExceptionTranslationFilter@12fafd9d, org.springframework.security.web.access.intercept.FilterSecurityInterceptor@60799fd7]
2020-04-22 10:44:20.244  INFO 10705 --- [    Test worker] o.s.b.w.embedded.tomcat.TomcatWebServer  : Tomcat started on port(s): 42101 (http) with context path ''
2020-04-22 10:44:20.249  INFO 10705 --- [    Test worker] s.services.UserServiceImplTest           : Started UserServiceImplTest in 2.531 seconds (JVM running for 3.526)
Going to sleep for 5 Secs.. to simulate backend call.

hello Putin
Going to sleep for 5 Secs.. to simulate backend call.

hello Putin
hello Putin
Going to sleep for 5 Secs.. to simulate backend call.

hello Putin
hello Putin
hello Putin
]]></system-out>
  <system-err><![CDATA[]]></system-err>
</testsuite>
